Simulator report for decod
Wed Nov 27 01:03:38 2024
Quartus II 64-Bit Version 13.0.1 Build 232 06/12/2013 Service Pack 1 SJ Web Edition


---------------------
; Table of Contents ;
---------------------
  1. Legal Notice
  2. Simulator Summary
  3. Simulator Settings
  4. Simulation Waveforms
  5. Coverage Summary
  6. Complete 1/0-Value Coverage
  7. Missing 1-Value Coverage
  8. Missing 0-Value Coverage
  9. Simulator INI Usage
 10. Simulator Messages



----------------
; Legal Notice ;
----------------
Copyright (C) 1991-2013 Altera Corporation
Your use of Altera Corporation's design tools, logic functions 
and other software and tools, and its AMPP partner logic 
functions, and any output files from any of the foregoing 
(including device programming or simulation files), and any 
associated documentation or information are expressly subject 
to the terms and conditions of the Altera Program License 
Subscription Agreement, Altera MegaCore Function License 
Agreement, or other applicable license agreement, including, 
without limitation, that your use is for the sole purpose of 
programming logic devices manufactured by Altera and sold by 
Altera or its authorized distributors.  Please refer to the 
applicable agreement for further details.



+--------------------------------------------+
; Simulator Summary                          ;
+-----------------------------+--------------+
; Type                        ; Value        ;
+-----------------------------+--------------+
; Simulation Start Time       ; 0 ps         ;
; Simulation End Time         ; 80.0 ns      ;
; Simulation Netlist Size     ; 191 nodes    ;
; Simulation Coverage         ;      54.45 % ;
; Total Number of Transitions ; 579          ;
; Simulation Breakpoints      ; 0            ;
; Family                      ; Cyclone II   ;
+-----------------------------+--------------+


+-----------------------------------------------------------------------------------------------------------------------------------------------------------------------+
; Simulator Settings                                                                                                                                                    ;
+--------------------------------------------------------------------------------------------+----------------------------------------------------------+---------------+
; Option                                                                                     ; Setting                                                  ; Default Value ;
+--------------------------------------------------------------------------------------------+----------------------------------------------------------+---------------+
; Simulation mode                                                                            ; Functional                                               ; Timing        ;
; Start time                                                                                 ; 0 ns                                                     ; 0 ns          ;
; Simulation results format                                                                  ; VWF                                                      ;               ;
; Vector input source                                                                        ; F:/Quartus Projects/Lab 4/decod/decoder2to4 Waveform.vwf ;               ;
; Add pins automatically to simulation output waveforms                                      ; On                                                       ; On            ;
; Check outputs                                                                              ; Off                                                      ; Off           ;
; Report simulation coverage                                                                 ; On                                                       ; On            ;
; Display complete 1/0 value coverage report                                                 ; On                                                       ; On            ;
; Display missing 1-value coverage report                                                    ; On                                                       ; On            ;
; Display missing 0-value coverage report                                                    ; On                                                       ; On            ;
; Detect setup and hold time violations                                                      ; Off                                                      ; Off           ;
; Detect glitches                                                                            ; Off                                                      ; Off           ;
; Disable timing delays in Timing Simulation                                                 ; Off                                                      ; Off           ;
; Generate Signal Activity File                                                              ; Off                                                      ; Off           ;
; Generate VCD File for PowerPlay Power Analyzer                                             ; Off                                                      ; Off           ;
; Group bus channels in simulation results                                                   ; Off                                                      ; Off           ;
; Preserve fewer signal transitions to reduce memory requirements                            ; On                                                       ; On            ;
; Trigger vector comparison with the specified mode                                          ; INPUT_EDGE                                               ; INPUT_EDGE    ;
; Disable setup and hold time violations detection in input registers of bi-directional pins ; Off                                                      ; Off           ;
; Overwrite Waveform Inputs With Simulation Outputs                                          ; Off                                                      ;               ;
; Perform Glitch Filtering in Timing Simulation                                              ; Auto                                                     ; Auto          ;
+--------------------------------------------------------------------------------------------+----------------------------------------------------------+---------------+


+----------------------+
; Simulation Waveforms ;
+----------------------+
Waveform report data cannot be output to ASCII.
Please use Quartus II 64-Bit to view the waveform report data.


+--------------------------------------------------------------------+
; Coverage Summary                                                   ;
+-----------------------------------------------------+--------------+
; Type                                                ; Value        ;
+-----------------------------------------------------+--------------+
; Total coverage as a percentage                      ;      54.45 % ;
; Total nodes checked                                 ; 191          ;
; Total output ports checked                          ; 191          ;
; Total output ports with complete 1/0-value coverage ; 104          ;
; Total output ports with no 1/0-value coverage       ; 58           ;
; Total output ports with no 1-value coverage         ; 81           ;
; Total output ports with no 0-value coverage         ; 64           ;
+-----------------------------------------------------+--------------+


The following table displays output ports that toggle between 1 and 0 during simulation.
+----------------------------------------------------------------------------------------------------------------------------------------------+
; Complete 1/0-Value Coverage                                                                                                                  ;
+-------------------------------------------------------------+-------------------------------------------------------------+------------------+
; Node Name                                                   ; Output Port Name                                            ; Output Port Type ;
+-------------------------------------------------------------+-------------------------------------------------------------+------------------+
; |decod|w0                                                   ; |decod|w0                                                   ; out              ;
; |decod|y0                                                   ; |decod|y0                                                   ; pin_out          ;
; |decod|y1                                                   ; |decod|y1                                                   ; pin_out          ;
; |decod|y2                                                   ; |decod|y2                                                   ; pin_out          ;
; |decod|y3                                                   ; |decod|y3                                                   ; pin_out          ;
; |decod|lpm_mux:Mux3|mux_3nc:auto_generated|_~3              ; |decod|lpm_mux:Mux3|mux_3nc:auto_generated|_~3              ; out0             ;
; |decod|lpm_mux:Mux3|mux_3nc:auto_generated|_~5              ; |decod|lpm_mux:Mux3|mux_3nc:auto_generated|_~5              ; out0             ;
; |decod|lpm_mux:Mux3|mux_3nc:auto_generated|_~6              ; |decod|lpm_mux:Mux3|mux_3nc:auto_generated|_~6              ; out0             ;
; |decod|lpm_mux:Mux3|mux_3nc:auto_generated|_~7              ; |decod|lpm_mux:Mux3|mux_3nc:auto_generated|_~7              ; out0             ;
; |decod|lpm_mux:Mux3|mux_3nc:auto_generated|_~8              ; |decod|lpm_mux:Mux3|mux_3nc:auto_generated|_~8              ; out0             ;
; |decod|lpm_mux:Mux3|mux_3nc:auto_generated|_~12             ; |decod|lpm_mux:Mux3|mux_3nc:auto_generated|_~12             ; out0             ;
; |decod|lpm_mux:Mux3|mux_3nc:auto_generated|_~14             ; |decod|lpm_mux:Mux3|mux_3nc:auto_generated|_~14             ; out0             ;
; |decod|lpm_mux:Mux3|mux_3nc:auto_generated|_~15             ; |decod|lpm_mux:Mux3|mux_3nc:auto_generated|_~15             ; out0             ;
; |decod|lpm_mux:Mux3|mux_3nc:auto_generated|_~16             ; |decod|lpm_mux:Mux3|mux_3nc:auto_generated|_~16             ; out0             ;
; |decod|lpm_mux:Mux3|mux_3nc:auto_generated|_~17             ; |decod|lpm_mux:Mux3|mux_3nc:auto_generated|_~17             ; out0             ;
; |decod|lpm_mux:Mux3|mux_3nc:auto_generated|_~19             ; |decod|lpm_mux:Mux3|mux_3nc:auto_generated|_~19             ; out0             ;
; |decod|lpm_mux:Mux3|mux_3nc:auto_generated|_~20             ; |decod|lpm_mux:Mux3|mux_3nc:auto_generated|_~20             ; out0             ;
; |decod|lpm_mux:Mux3|mux_3nc:auto_generated|result_node[0]~0 ; |decod|lpm_mux:Mux3|mux_3nc:auto_generated|result_node[0]~0 ; out0             ;
; |decod|lpm_mux:Mux3|mux_3nc:auto_generated|_~25             ; |decod|lpm_mux:Mux3|mux_3nc:auto_generated|_~25             ; out0             ;
; |decod|lpm_mux:Mux3|mux_3nc:auto_generated|_~27             ; |decod|lpm_mux:Mux3|mux_3nc:auto_generated|_~27             ; out0             ;
; |decod|lpm_mux:Mux3|mux_3nc:auto_generated|_~28             ; |decod|lpm_mux:Mux3|mux_3nc:auto_generated|_~28             ; out0             ;
; |decod|lpm_mux:Mux3|mux_3nc:auto_generated|_~29             ; |decod|lpm_mux:Mux3|mux_3nc:auto_generated|_~29             ; out0             ;
; |decod|lpm_mux:Mux3|mux_3nc:auto_generated|_~30             ; |decod|lpm_mux:Mux3|mux_3nc:auto_generated|_~30             ; out0             ;
; |decod|lpm_mux:Mux3|mux_3nc:auto_generated|_~34             ; |decod|lpm_mux:Mux3|mux_3nc:auto_generated|_~34             ; out0             ;
; |decod|lpm_mux:Mux3|mux_3nc:auto_generated|_~36             ; |decod|lpm_mux:Mux3|mux_3nc:auto_generated|_~36             ; out0             ;
; |decod|lpm_mux:Mux3|mux_3nc:auto_generated|_~37             ; |decod|lpm_mux:Mux3|mux_3nc:auto_generated|_~37             ; out0             ;
; |decod|lpm_mux:Mux3|mux_3nc:auto_generated|_~38             ; |decod|lpm_mux:Mux3|mux_3nc:auto_generated|_~38             ; out0             ;
; |decod|lpm_mux:Mux3|mux_3nc:auto_generated|_~39             ; |decod|lpm_mux:Mux3|mux_3nc:auto_generated|_~39             ; out0             ;
; |decod|lpm_mux:Mux3|mux_3nc:auto_generated|_~40             ; |decod|lpm_mux:Mux3|mux_3nc:auto_generated|_~40             ; out0             ;
; |decod|lpm_mux:Mux3|mux_3nc:auto_generated|result_node[0]   ; |decod|lpm_mux:Mux3|mux_3nc:auto_generated|result_node[0]   ; out0             ;
; |decod|lpm_mux:Mux2|mux_3nc:auto_generated|_~3              ; |decod|lpm_mux:Mux2|mux_3nc:auto_generated|_~3              ; out0             ;
; |decod|lpm_mux:Mux2|mux_3nc:auto_generated|_~12             ; |decod|lpm_mux:Mux2|mux_3nc:auto_generated|_~12             ; out0             ;
; |decod|lpm_mux:Mux2|mux_3nc:auto_generated|_~17             ; |decod|lpm_mux:Mux2|mux_3nc:auto_generated|_~17             ; out0             ;
; |decod|lpm_mux:Mux2|mux_3nc:auto_generated|_~18             ; |decod|lpm_mux:Mux2|mux_3nc:auto_generated|_~18             ; out0             ;
; |decod|lpm_mux:Mux2|mux_3nc:auto_generated|_~19             ; |decod|lpm_mux:Mux2|mux_3nc:auto_generated|_~19             ; out0             ;
; |decod|lpm_mux:Mux2|mux_3nc:auto_generated|_~20             ; |decod|lpm_mux:Mux2|mux_3nc:auto_generated|_~20             ; out0             ;
; |decod|lpm_mux:Mux2|mux_3nc:auto_generated|result_node[0]~0 ; |decod|lpm_mux:Mux2|mux_3nc:auto_generated|result_node[0]~0 ; out0             ;
; |decod|lpm_mux:Mux2|mux_3nc:auto_generated|_~25             ; |decod|lpm_mux:Mux2|mux_3nc:auto_generated|_~25             ; out0             ;
; |decod|lpm_mux:Mux2|mux_3nc:auto_generated|_~27             ; |decod|lpm_mux:Mux2|mux_3nc:auto_generated|_~27             ; out0             ;
; |decod|lpm_mux:Mux2|mux_3nc:auto_generated|_~28             ; |decod|lpm_mux:Mux2|mux_3nc:auto_generated|_~28             ; out0             ;
; |decod|lpm_mux:Mux2|mux_3nc:auto_generated|_~29             ; |decod|lpm_mux:Mux2|mux_3nc:auto_generated|_~29             ; out0             ;
; |decod|lpm_mux:Mux2|mux_3nc:auto_generated|_~30             ; |decod|lpm_mux:Mux2|mux_3nc:auto_generated|_~30             ; out0             ;
; |decod|lpm_mux:Mux2|mux_3nc:auto_generated|_~34             ; |decod|lpm_mux:Mux2|mux_3nc:auto_generated|_~34             ; out0             ;
; |decod|lpm_mux:Mux2|mux_3nc:auto_generated|_~36             ; |decod|lpm_mux:Mux2|mux_3nc:auto_generated|_~36             ; out0             ;
; |decod|lpm_mux:Mux2|mux_3nc:auto_generated|_~37             ; |decod|lpm_mux:Mux2|mux_3nc:auto_generated|_~37             ; out0             ;
; |decod|lpm_mux:Mux2|mux_3nc:auto_generated|_~38             ; |decod|lpm_mux:Mux2|mux_3nc:auto_generated|_~38             ; out0             ;
; |decod|lpm_mux:Mux2|mux_3nc:auto_generated|_~39             ; |decod|lpm_mux:Mux2|mux_3nc:auto_generated|_~39             ; out0             ;
; |decod|lpm_mux:Mux2|mux_3nc:auto_generated|_~40             ; |decod|lpm_mux:Mux2|mux_3nc:auto_generated|_~40             ; out0             ;
; |decod|lpm_mux:Mux2|mux_3nc:auto_generated|result_node[0]   ; |decod|lpm_mux:Mux2|mux_3nc:auto_generated|result_node[0]   ; out0             ;
; |decod|lpm_mux:Mux1|mux_3nc:auto_generated|_~0              ; |decod|lpm_mux:Mux1|mux_3nc:auto_generated|_~0              ; out0             ;
; |decod|lpm_mux:Mux1|mux_3nc:auto_generated|_~3              ; |decod|lpm_mux:Mux1|mux_3nc:auto_generated|_~3              ; out0             ;
; |decod|lpm_mux:Mux1|mux_3nc:auto_generated|_~5              ; |decod|lpm_mux:Mux1|mux_3nc:auto_generated|_~5              ; out0             ;
; |decod|lpm_mux:Mux1|mux_3nc:auto_generated|_~6              ; |decod|lpm_mux:Mux1|mux_3nc:auto_generated|_~6              ; out0             ;
; |decod|lpm_mux:Mux1|mux_3nc:auto_generated|_~7              ; |decod|lpm_mux:Mux1|mux_3nc:auto_generated|_~7              ; out0             ;
; |decod|lpm_mux:Mux1|mux_3nc:auto_generated|_~8              ; |decod|lpm_mux:Mux1|mux_3nc:auto_generated|_~8              ; out0             ;
; |decod|lpm_mux:Mux1|mux_3nc:auto_generated|_~9              ; |decod|lpm_mux:Mux1|mux_3nc:auto_generated|_~9              ; out0             ;
; |decod|lpm_mux:Mux1|mux_3nc:auto_generated|_~12             ; |decod|lpm_mux:Mux1|mux_3nc:auto_generated|_~12             ; out0             ;
; |decod|lpm_mux:Mux1|mux_3nc:auto_generated|_~14             ; |decod|lpm_mux:Mux1|mux_3nc:auto_generated|_~14             ; out0             ;
; |decod|lpm_mux:Mux1|mux_3nc:auto_generated|_~15             ; |decod|lpm_mux:Mux1|mux_3nc:auto_generated|_~15             ; out0             ;
; |decod|lpm_mux:Mux1|mux_3nc:auto_generated|_~16             ; |decod|lpm_mux:Mux1|mux_3nc:auto_generated|_~16             ; out0             ;
; |decod|lpm_mux:Mux1|mux_3nc:auto_generated|_~17             ; |decod|lpm_mux:Mux1|mux_3nc:auto_generated|_~17             ; out0             ;
; |decod|lpm_mux:Mux1|mux_3nc:auto_generated|_~18             ; |decod|lpm_mux:Mux1|mux_3nc:auto_generated|_~18             ; out0             ;
; |decod|lpm_mux:Mux1|mux_3nc:auto_generated|_~20             ; |decod|lpm_mux:Mux1|mux_3nc:auto_generated|_~20             ; out0             ;
; |decod|lpm_mux:Mux1|mux_3nc:auto_generated|result_node[0]~0 ; |decod|lpm_mux:Mux1|mux_3nc:auto_generated|result_node[0]~0 ; out0             ;
; |decod|lpm_mux:Mux1|mux_3nc:auto_generated|_~25             ; |decod|lpm_mux:Mux1|mux_3nc:auto_generated|_~25             ; out0             ;
; |decod|lpm_mux:Mux1|mux_3nc:auto_generated|_~27             ; |decod|lpm_mux:Mux1|mux_3nc:auto_generated|_~27             ; out0             ;
; |decod|lpm_mux:Mux1|mux_3nc:auto_generated|_~28             ; |decod|lpm_mux:Mux1|mux_3nc:auto_generated|_~28             ; out0             ;
; |decod|lpm_mux:Mux1|mux_3nc:auto_generated|_~29             ; |decod|lpm_mux:Mux1|mux_3nc:auto_generated|_~29             ; out0             ;
; |decod|lpm_mux:Mux1|mux_3nc:auto_generated|_~30             ; |decod|lpm_mux:Mux1|mux_3nc:auto_generated|_~30             ; out0             ;
; |decod|lpm_mux:Mux1|mux_3nc:auto_generated|_~34             ; |decod|lpm_mux:Mux1|mux_3nc:auto_generated|_~34             ; out0             ;
; |decod|lpm_mux:Mux1|mux_3nc:auto_generated|_~36             ; |decod|lpm_mux:Mux1|mux_3nc:auto_generated|_~36             ; out0             ;
; |decod|lpm_mux:Mux1|mux_3nc:auto_generated|_~37             ; |decod|lpm_mux:Mux1|mux_3nc:auto_generated|_~37             ; out0             ;
; |decod|lpm_mux:Mux1|mux_3nc:auto_generated|_~38             ; |decod|lpm_mux:Mux1|mux_3nc:auto_generated|_~38             ; out0             ;
; |decod|lpm_mux:Mux1|mux_3nc:auto_generated|_~39             ; |decod|lpm_mux:Mux1|mux_3nc:auto_generated|_~39             ; out0             ;
; |decod|lpm_mux:Mux1|mux_3nc:auto_generated|_~40             ; |decod|lpm_mux:Mux1|mux_3nc:auto_generated|_~40             ; out0             ;
; |decod|lpm_mux:Mux1|mux_3nc:auto_generated|result_node[0]   ; |decod|lpm_mux:Mux1|mux_3nc:auto_generated|result_node[0]   ; out0             ;
; |decod|lpm_mux:Mux0|mux_3nc:auto_generated|_~3              ; |decod|lpm_mux:Mux0|mux_3nc:auto_generated|_~3              ; out0             ;
; |decod|lpm_mux:Mux0|mux_3nc:auto_generated|_~4              ; |decod|lpm_mux:Mux0|mux_3nc:auto_generated|_~4              ; out0             ;
; |decod|lpm_mux:Mux0|mux_3nc:auto_generated|_~5              ; |decod|lpm_mux:Mux0|mux_3nc:auto_generated|_~5              ; out0             ;
; |decod|lpm_mux:Mux0|mux_3nc:auto_generated|_~6              ; |decod|lpm_mux:Mux0|mux_3nc:auto_generated|_~6              ; out0             ;
; |decod|lpm_mux:Mux0|mux_3nc:auto_generated|_~7              ; |decod|lpm_mux:Mux0|mux_3nc:auto_generated|_~7              ; out0             ;
; |decod|lpm_mux:Mux0|mux_3nc:auto_generated|_~8              ; |decod|lpm_mux:Mux0|mux_3nc:auto_generated|_~8              ; out0             ;
; |decod|lpm_mux:Mux0|mux_3nc:auto_generated|_~12             ; |decod|lpm_mux:Mux0|mux_3nc:auto_generated|_~12             ; out0             ;
; |decod|lpm_mux:Mux0|mux_3nc:auto_generated|_~13             ; |decod|lpm_mux:Mux0|mux_3nc:auto_generated|_~13             ; out0             ;
; |decod|lpm_mux:Mux0|mux_3nc:auto_generated|_~14             ; |decod|lpm_mux:Mux0|mux_3nc:auto_generated|_~14             ; out0             ;
; |decod|lpm_mux:Mux0|mux_3nc:auto_generated|_~15             ; |decod|lpm_mux:Mux0|mux_3nc:auto_generated|_~15             ; out0             ;
; |decod|lpm_mux:Mux0|mux_3nc:auto_generated|_~16             ; |decod|lpm_mux:Mux0|mux_3nc:auto_generated|_~16             ; out0             ;
; |decod|lpm_mux:Mux0|mux_3nc:auto_generated|_~17             ; |decod|lpm_mux:Mux0|mux_3nc:auto_generated|_~17             ; out0             ;
; |decod|lpm_mux:Mux0|mux_3nc:auto_generated|_~18             ; |decod|lpm_mux:Mux0|mux_3nc:auto_generated|_~18             ; out0             ;
; |decod|lpm_mux:Mux0|mux_3nc:auto_generated|_~19             ; |decod|lpm_mux:Mux0|mux_3nc:auto_generated|_~19             ; out0             ;
; |decod|lpm_mux:Mux0|mux_3nc:auto_generated|_~20             ; |decod|lpm_mux:Mux0|mux_3nc:auto_generated|_~20             ; out0             ;
; |decod|lpm_mux:Mux0|mux_3nc:auto_generated|result_node[0]~0 ; |decod|lpm_mux:Mux0|mux_3nc:auto_generated|result_node[0]~0 ; out0             ;
; |decod|lpm_mux:Mux0|mux_3nc:auto_generated|_~25             ; |decod|lpm_mux:Mux0|mux_3nc:auto_generated|_~25             ; out0             ;
; |decod|lpm_mux:Mux0|mux_3nc:auto_generated|_~27             ; |decod|lpm_mux:Mux0|mux_3nc:auto_generated|_~27             ; out0             ;
; |decod|lpm_mux:Mux0|mux_3nc:auto_generated|_~28             ; |decod|lpm_mux:Mux0|mux_3nc:auto_generated|_~28             ; out0             ;
; |decod|lpm_mux:Mux0|mux_3nc:auto_generated|_~29             ; |decod|lpm_mux:Mux0|mux_3nc:auto_generated|_~29             ; out0             ;
; |decod|lpm_mux:Mux0|mux_3nc:auto_generated|_~30             ; |decod|lpm_mux:Mux0|mux_3nc:auto_generated|_~30             ; out0             ;
; |decod|lpm_mux:Mux0|mux_3nc:auto_generated|_~34             ; |decod|lpm_mux:Mux0|mux_3nc:auto_generated|_~34             ; out0             ;
; |decod|lpm_mux:Mux0|mux_3nc:auto_generated|_~36             ; |decod|lpm_mux:Mux0|mux_3nc:auto_generated|_~36             ; out0             ;
; |decod|lpm_mux:Mux0|mux_3nc:auto_generated|_~37             ; |decod|lpm_mux:Mux0|mux_3nc:auto_generated|_~37             ; out0             ;
; |decod|lpm_mux:Mux0|mux_3nc:auto_generated|_~38             ; |decod|lpm_mux:Mux0|mux_3nc:auto_generated|_~38             ; out0             ;
; |decod|lpm_mux:Mux0|mux_3nc:auto_generated|_~39             ; |decod|lpm_mux:Mux0|mux_3nc:auto_generated|_~39             ; out0             ;
; |decod|lpm_mux:Mux0|mux_3nc:auto_generated|_~40             ; |decod|lpm_mux:Mux0|mux_3nc:auto_generated|_~40             ; out0             ;
; |decod|lpm_mux:Mux0|mux_3nc:auto_generated|result_node[0]   ; |decod|lpm_mux:Mux0|mux_3nc:auto_generated|result_node[0]   ; out0             ;
+-------------------------------------------------------------+-------------------------------------------------------------+------------------+


The following table displays output ports that do not toggle to 1 during simulation.
+----------------------------------------------------------------------------------------------------------------------------------------------+
; Missing 1-Value Coverage                                                                                                                     ;
+-------------------------------------------------------------+-------------------------------------------------------------+------------------+
; Node Name                                                   ; Output Port Name                                            ; Output Port Type ;
+-------------------------------------------------------------+-------------------------------------------------------------+------------------+
; |decod|lpm_mux:Mux3|mux_3nc:auto_generated|_~0              ; |decod|lpm_mux:Mux3|mux_3nc:auto_generated|_~0              ; out0             ;
; |decod|lpm_mux:Mux3|mux_3nc:auto_generated|_~1              ; |decod|lpm_mux:Mux3|mux_3nc:auto_generated|_~1              ; out0             ;
; |decod|lpm_mux:Mux3|mux_3nc:auto_generated|_~2              ; |decod|lpm_mux:Mux3|mux_3nc:auto_generated|_~2              ; out0             ;
; |decod|lpm_mux:Mux3|mux_3nc:auto_generated|_~4              ; |decod|lpm_mux:Mux3|mux_3nc:auto_generated|_~4              ; out0             ;
; |decod|lpm_mux:Mux3|mux_3nc:auto_generated|_~9              ; |decod|lpm_mux:Mux3|mux_3nc:auto_generated|_~9              ; out0             ;
; |decod|lpm_mux:Mux3|mux_3nc:auto_generated|_~10             ; |decod|lpm_mux:Mux3|mux_3nc:auto_generated|_~10             ; out0             ;
; |decod|lpm_mux:Mux3|mux_3nc:auto_generated|_~11             ; |decod|lpm_mux:Mux3|mux_3nc:auto_generated|_~11             ; out0             ;
; |decod|lpm_mux:Mux3|mux_3nc:auto_generated|_~13             ; |decod|lpm_mux:Mux3|mux_3nc:auto_generated|_~13             ; out0             ;
; |decod|lpm_mux:Mux3|mux_3nc:auto_generated|_~18             ; |decod|lpm_mux:Mux3|mux_3nc:auto_generated|_~18             ; out0             ;
; |decod|lpm_mux:Mux3|mux_3nc:auto_generated|_~21             ; |decod|lpm_mux:Mux3|mux_3nc:auto_generated|_~21             ; out0             ;
; |decod|lpm_mux:Mux3|mux_3nc:auto_generated|_~22             ; |decod|lpm_mux:Mux3|mux_3nc:auto_generated|_~22             ; out0             ;
; |decod|lpm_mux:Mux3|mux_3nc:auto_generated|_~23             ; |decod|lpm_mux:Mux3|mux_3nc:auto_generated|_~23             ; out0             ;
; |decod|lpm_mux:Mux3|mux_3nc:auto_generated|_~24             ; |decod|lpm_mux:Mux3|mux_3nc:auto_generated|_~24             ; out0             ;
; |decod|lpm_mux:Mux3|mux_3nc:auto_generated|_~26             ; |decod|lpm_mux:Mux3|mux_3nc:auto_generated|_~26             ; out0             ;
; |decod|lpm_mux:Mux3|mux_3nc:auto_generated|_~31             ; |decod|lpm_mux:Mux3|mux_3nc:auto_generated|_~31             ; out0             ;
; |decod|lpm_mux:Mux3|mux_3nc:auto_generated|_~32             ; |decod|lpm_mux:Mux3|mux_3nc:auto_generated|_~32             ; out0             ;
; |decod|lpm_mux:Mux3|mux_3nc:auto_generated|_~33             ; |decod|lpm_mux:Mux3|mux_3nc:auto_generated|_~33             ; out0             ;
; |decod|lpm_mux:Mux3|mux_3nc:auto_generated|_~35             ; |decod|lpm_mux:Mux3|mux_3nc:auto_generated|_~35             ; out0             ;
; |decod|lpm_mux:Mux3|mux_3nc:auto_generated|_~41             ; |decod|lpm_mux:Mux3|mux_3nc:auto_generated|_~41             ; out0             ;
; |decod|lpm_mux:Mux3|mux_3nc:auto_generated|_~42             ; |decod|lpm_mux:Mux3|mux_3nc:auto_generated|_~42             ; out0             ;
; |decod|lpm_mux:Mux3|mux_3nc:auto_generated|result_node[0]~1 ; |decod|lpm_mux:Mux3|mux_3nc:auto_generated|result_node[0]~1 ; out0             ;
; |decod|lpm_mux:Mux2|mux_3nc:auto_generated|_~0              ; |decod|lpm_mux:Mux2|mux_3nc:auto_generated|_~0              ; out0             ;
; |decod|lpm_mux:Mux2|mux_3nc:auto_generated|_~1              ; |decod|lpm_mux:Mux2|mux_3nc:auto_generated|_~1              ; out0             ;
; |decod|lpm_mux:Mux2|mux_3nc:auto_generated|_~2              ; |decod|lpm_mux:Mux2|mux_3nc:auto_generated|_~2              ; out0             ;
; |decod|lpm_mux:Mux2|mux_3nc:auto_generated|_~4              ; |decod|lpm_mux:Mux2|mux_3nc:auto_generated|_~4              ; out0             ;
; |decod|lpm_mux:Mux2|mux_3nc:auto_generated|_~5              ; |decod|lpm_mux:Mux2|mux_3nc:auto_generated|_~5              ; out0             ;
; |decod|lpm_mux:Mux2|mux_3nc:auto_generated|_~8              ; |decod|lpm_mux:Mux2|mux_3nc:auto_generated|_~8              ; out0             ;
; |decod|lpm_mux:Mux2|mux_3nc:auto_generated|_~9              ; |decod|lpm_mux:Mux2|mux_3nc:auto_generated|_~9              ; out0             ;
; |decod|lpm_mux:Mux2|mux_3nc:auto_generated|_~10             ; |decod|lpm_mux:Mux2|mux_3nc:auto_generated|_~10             ; out0             ;
; |decod|lpm_mux:Mux2|mux_3nc:auto_generated|_~11             ; |decod|lpm_mux:Mux2|mux_3nc:auto_generated|_~11             ; out0             ;
; |decod|lpm_mux:Mux2|mux_3nc:auto_generated|_~13             ; |decod|lpm_mux:Mux2|mux_3nc:auto_generated|_~13             ; out0             ;
; |decod|lpm_mux:Mux2|mux_3nc:auto_generated|_~14             ; |decod|lpm_mux:Mux2|mux_3nc:auto_generated|_~14             ; out0             ;
; |decod|lpm_mux:Mux2|mux_3nc:auto_generated|_~21             ; |decod|lpm_mux:Mux2|mux_3nc:auto_generated|_~21             ; out0             ;
; |decod|lpm_mux:Mux2|mux_3nc:auto_generated|_~22             ; |decod|lpm_mux:Mux2|mux_3nc:auto_generated|_~22             ; out0             ;
; |decod|lpm_mux:Mux2|mux_3nc:auto_generated|_~23             ; |decod|lpm_mux:Mux2|mux_3nc:auto_generated|_~23             ; out0             ;
; |decod|lpm_mux:Mux2|mux_3nc:auto_generated|_~24             ; |decod|lpm_mux:Mux2|mux_3nc:auto_generated|_~24             ; out0             ;
; |decod|lpm_mux:Mux2|mux_3nc:auto_generated|_~26             ; |decod|lpm_mux:Mux2|mux_3nc:auto_generated|_~26             ; out0             ;
; |decod|lpm_mux:Mux2|mux_3nc:auto_generated|_~31             ; |decod|lpm_mux:Mux2|mux_3nc:auto_generated|_~31             ; out0             ;
; |decod|lpm_mux:Mux2|mux_3nc:auto_generated|_~32             ; |decod|lpm_mux:Mux2|mux_3nc:auto_generated|_~32             ; out0             ;
; |decod|lpm_mux:Mux2|mux_3nc:auto_generated|_~33             ; |decod|lpm_mux:Mux2|mux_3nc:auto_generated|_~33             ; out0             ;
; |decod|lpm_mux:Mux2|mux_3nc:auto_generated|_~35             ; |decod|lpm_mux:Mux2|mux_3nc:auto_generated|_~35             ; out0             ;
; |decod|lpm_mux:Mux2|mux_3nc:auto_generated|_~41             ; |decod|lpm_mux:Mux2|mux_3nc:auto_generated|_~41             ; out0             ;
; |decod|lpm_mux:Mux2|mux_3nc:auto_generated|_~42             ; |decod|lpm_mux:Mux2|mux_3nc:auto_generated|_~42             ; out0             ;
; |decod|lpm_mux:Mux2|mux_3nc:auto_generated|result_node[0]~1 ; |decod|lpm_mux:Mux2|mux_3nc:auto_generated|result_node[0]~1 ; out0             ;
; |decod|lpm_mux:Mux1|mux_3nc:auto_generated|_~1              ; |decod|lpm_mux:Mux1|mux_3nc:auto_generated|_~1              ; out0             ;
; |decod|lpm_mux:Mux1|mux_3nc:auto_generated|_~2              ; |decod|lpm_mux:Mux1|mux_3nc:auto_generated|_~2              ; out0             ;
; |decod|lpm_mux:Mux1|mux_3nc:auto_generated|_~4              ; |decod|lpm_mux:Mux1|mux_3nc:auto_generated|_~4              ; out0             ;
; |decod|lpm_mux:Mux1|mux_3nc:auto_generated|_~10             ; |decod|lpm_mux:Mux1|mux_3nc:auto_generated|_~10             ; out0             ;
; |decod|lpm_mux:Mux1|mux_3nc:auto_generated|_~11             ; |decod|lpm_mux:Mux1|mux_3nc:auto_generated|_~11             ; out0             ;
; |decod|lpm_mux:Mux1|mux_3nc:auto_generated|_~13             ; |decod|lpm_mux:Mux1|mux_3nc:auto_generated|_~13             ; out0             ;
; |decod|lpm_mux:Mux1|mux_3nc:auto_generated|_~19             ; |decod|lpm_mux:Mux1|mux_3nc:auto_generated|_~19             ; out0             ;
; |decod|lpm_mux:Mux1|mux_3nc:auto_generated|_~21             ; |decod|lpm_mux:Mux1|mux_3nc:auto_generated|_~21             ; out0             ;
; |decod|lpm_mux:Mux1|mux_3nc:auto_generated|_~22             ; |decod|lpm_mux:Mux1|mux_3nc:auto_generated|_~22             ; out0             ;
; |decod|lpm_mux:Mux1|mux_3nc:auto_generated|_~23             ; |decod|lpm_mux:Mux1|mux_3nc:auto_generated|_~23             ; out0             ;
; |decod|lpm_mux:Mux1|mux_3nc:auto_generated|_~24             ; |decod|lpm_mux:Mux1|mux_3nc:auto_generated|_~24             ; out0             ;
; |decod|lpm_mux:Mux1|mux_3nc:auto_generated|_~26             ; |decod|lpm_mux:Mux1|mux_3nc:auto_generated|_~26             ; out0             ;
; |decod|lpm_mux:Mux1|mux_3nc:auto_generated|_~31             ; |decod|lpm_mux:Mux1|mux_3nc:auto_generated|_~31             ; out0             ;
; |decod|lpm_mux:Mux1|mux_3nc:auto_generated|_~32             ; |decod|lpm_mux:Mux1|mux_3nc:auto_generated|_~32             ; out0             ;
; |decod|lpm_mux:Mux1|mux_3nc:auto_generated|_~33             ; |decod|lpm_mux:Mux1|mux_3nc:auto_generated|_~33             ; out0             ;
; |decod|lpm_mux:Mux1|mux_3nc:auto_generated|_~35             ; |decod|lpm_mux:Mux1|mux_3nc:auto_generated|_~35             ; out0             ;
; |decod|lpm_mux:Mux1|mux_3nc:auto_generated|_~41             ; |decod|lpm_mux:Mux1|mux_3nc:auto_generated|_~41             ; out0             ;
; |decod|lpm_mux:Mux1|mux_3nc:auto_generated|_~42             ; |decod|lpm_mux:Mux1|mux_3nc:auto_generated|_~42             ; out0             ;
; |decod|lpm_mux:Mux1|mux_3nc:auto_generated|result_node[0]~1 ; |decod|lpm_mux:Mux1|mux_3nc:auto_generated|result_node[0]~1 ; out0             ;
; |decod|lpm_mux:Mux0|mux_3nc:auto_generated|_~0              ; |decod|lpm_mux:Mux0|mux_3nc:auto_generated|_~0              ; out0             ;
; |decod|lpm_mux:Mux0|mux_3nc:auto_generated|_~1              ; |decod|lpm_mux:Mux0|mux_3nc:auto_generated|_~1              ; out0             ;
; |decod|lpm_mux:Mux0|mux_3nc:auto_generated|_~2              ; |decod|lpm_mux:Mux0|mux_3nc:auto_generated|_~2              ; out0             ;
; |decod|lpm_mux:Mux0|mux_3nc:auto_generated|_~9              ; |decod|lpm_mux:Mux0|mux_3nc:auto_generated|_~9              ; out0             ;
; |decod|lpm_mux:Mux0|mux_3nc:auto_generated|_~10             ; |decod|lpm_mux:Mux0|mux_3nc:auto_generated|_~10             ; out0             ;
; |decod|lpm_mux:Mux0|mux_3nc:auto_generated|_~11             ; |decod|lpm_mux:Mux0|mux_3nc:auto_generated|_~11             ; out0             ;
; |decod|lpm_mux:Mux0|mux_3nc:auto_generated|_~21             ; |decod|lpm_mux:Mux0|mux_3nc:auto_generated|_~21             ; out0             ;
; |decod|lpm_mux:Mux0|mux_3nc:auto_generated|_~22             ; |decod|lpm_mux:Mux0|mux_3nc:auto_generated|_~22             ; out0             ;
; |decod|lpm_mux:Mux0|mux_3nc:auto_generated|_~23             ; |decod|lpm_mux:Mux0|mux_3nc:auto_generated|_~23             ; out0             ;
; |decod|lpm_mux:Mux0|mux_3nc:auto_generated|_~24             ; |decod|lpm_mux:Mux0|mux_3nc:auto_generated|_~24             ; out0             ;
; |decod|lpm_mux:Mux0|mux_3nc:auto_generated|_~26             ; |decod|lpm_mux:Mux0|mux_3nc:auto_generated|_~26             ; out0             ;
; |decod|lpm_mux:Mux0|mux_3nc:auto_generated|_~31             ; |decod|lpm_mux:Mux0|mux_3nc:auto_generated|_~31             ; out0             ;
; |decod|lpm_mux:Mux0|mux_3nc:auto_generated|_~32             ; |decod|lpm_mux:Mux0|mux_3nc:auto_generated|_~32             ; out0             ;
; |decod|lpm_mux:Mux0|mux_3nc:auto_generated|_~33             ; |decod|lpm_mux:Mux0|mux_3nc:auto_generated|_~33             ; out0             ;
; |decod|lpm_mux:Mux0|mux_3nc:auto_generated|_~35             ; |decod|lpm_mux:Mux0|mux_3nc:auto_generated|_~35             ; out0             ;
; |decod|lpm_mux:Mux0|mux_3nc:auto_generated|_~41             ; |decod|lpm_mux:Mux0|mux_3nc:auto_generated|_~41             ; out0             ;
; |decod|lpm_mux:Mux0|mux_3nc:auto_generated|_~42             ; |decod|lpm_mux:Mux0|mux_3nc:auto_generated|_~42             ; out0             ;
; |decod|lpm_mux:Mux0|mux_3nc:auto_generated|result_node[0]~1 ; |decod|lpm_mux:Mux0|mux_3nc:auto_generated|result_node[0]~1 ; out0             ;
+-------------------------------------------------------------+-------------------------------------------------------------+------------------+


The following table displays output ports that do not toggle to 0 during simulation.
+----------------------------------------------------------------------------------------------------------------------------------------------+
; Missing 0-Value Coverage                                                                                                                     ;
+-------------------------------------------------------------+-------------------------------------------------------------+------------------+
; Node Name                                                   ; Output Port Name                                            ; Output Port Type ;
+-------------------------------------------------------------+-------------------------------------------------------------+------------------+
; |decod|w1                                                   ; |decod|w1                                                   ; out              ;
; |decod|En                                                   ; |decod|En                                                   ; out              ;
; |decod|lpm_mux:Mux3|mux_3nc:auto_generated|_~0              ; |decod|lpm_mux:Mux3|mux_3nc:auto_generated|_~0              ; out0             ;
; |decod|lpm_mux:Mux3|mux_3nc:auto_generated|_~2              ; |decod|lpm_mux:Mux3|mux_3nc:auto_generated|_~2              ; out0             ;
; |decod|lpm_mux:Mux3|mux_3nc:auto_generated|_~4              ; |decod|lpm_mux:Mux3|mux_3nc:auto_generated|_~4              ; out0             ;
; |decod|lpm_mux:Mux3|mux_3nc:auto_generated|_~9              ; |decod|lpm_mux:Mux3|mux_3nc:auto_generated|_~9              ; out0             ;
; |decod|lpm_mux:Mux3|mux_3nc:auto_generated|_~11             ; |decod|lpm_mux:Mux3|mux_3nc:auto_generated|_~11             ; out0             ;
; |decod|lpm_mux:Mux3|mux_3nc:auto_generated|_~13             ; |decod|lpm_mux:Mux3|mux_3nc:auto_generated|_~13             ; out0             ;
; |decod|lpm_mux:Mux3|mux_3nc:auto_generated|_~18             ; |decod|lpm_mux:Mux3|mux_3nc:auto_generated|_~18             ; out0             ;
; |decod|lpm_mux:Mux3|mux_3nc:auto_generated|_~22             ; |decod|lpm_mux:Mux3|mux_3nc:auto_generated|_~22             ; out0             ;
; |decod|lpm_mux:Mux3|mux_3nc:auto_generated|_~24             ; |decod|lpm_mux:Mux3|mux_3nc:auto_generated|_~24             ; out0             ;
; |decod|lpm_mux:Mux3|mux_3nc:auto_generated|_~26             ; |decod|lpm_mux:Mux3|mux_3nc:auto_generated|_~26             ; out0             ;
; |decod|lpm_mux:Mux3|mux_3nc:auto_generated|_~31             ; |decod|lpm_mux:Mux3|mux_3nc:auto_generated|_~31             ; out0             ;
; |decod|lpm_mux:Mux3|mux_3nc:auto_generated|_~33             ; |decod|lpm_mux:Mux3|mux_3nc:auto_generated|_~33             ; out0             ;
; |decod|lpm_mux:Mux3|mux_3nc:auto_generated|_~35             ; |decod|lpm_mux:Mux3|mux_3nc:auto_generated|_~35             ; out0             ;
; |decod|lpm_mux:Mux3|mux_3nc:auto_generated|_~41             ; |decod|lpm_mux:Mux3|mux_3nc:auto_generated|_~41             ; out0             ;
; |decod|lpm_mux:Mux3|mux_3nc:auto_generated|_~42             ; |decod|lpm_mux:Mux3|mux_3nc:auto_generated|_~42             ; out0             ;
; |decod|lpm_mux:Mux3|mux_3nc:auto_generated|result_node[0]~1 ; |decod|lpm_mux:Mux3|mux_3nc:auto_generated|result_node[0]~1 ; out0             ;
; |decod|lpm_mux:Mux2|mux_3nc:auto_generated|_~0              ; |decod|lpm_mux:Mux2|mux_3nc:auto_generated|_~0              ; out0             ;
; |decod|lpm_mux:Mux2|mux_3nc:auto_generated|_~2              ; |decod|lpm_mux:Mux2|mux_3nc:auto_generated|_~2              ; out0             ;
; |decod|lpm_mux:Mux2|mux_3nc:auto_generated|_~4              ; |decod|lpm_mux:Mux2|mux_3nc:auto_generated|_~4              ; out0             ;
; |decod|lpm_mux:Mux2|mux_3nc:auto_generated|_~5              ; |decod|lpm_mux:Mux2|mux_3nc:auto_generated|_~5              ; out0             ;
; |decod|lpm_mux:Mux2|mux_3nc:auto_generated|_~6              ; |decod|lpm_mux:Mux2|mux_3nc:auto_generated|_~6              ; out0             ;
; |decod|lpm_mux:Mux2|mux_3nc:auto_generated|_~7              ; |decod|lpm_mux:Mux2|mux_3nc:auto_generated|_~7              ; out0             ;
; |decod|lpm_mux:Mux2|mux_3nc:auto_generated|_~9              ; |decod|lpm_mux:Mux2|mux_3nc:auto_generated|_~9              ; out0             ;
; |decod|lpm_mux:Mux2|mux_3nc:auto_generated|_~11             ; |decod|lpm_mux:Mux2|mux_3nc:auto_generated|_~11             ; out0             ;
; |decod|lpm_mux:Mux2|mux_3nc:auto_generated|_~13             ; |decod|lpm_mux:Mux2|mux_3nc:auto_generated|_~13             ; out0             ;
; |decod|lpm_mux:Mux2|mux_3nc:auto_generated|_~14             ; |decod|lpm_mux:Mux2|mux_3nc:auto_generated|_~14             ; out0             ;
; |decod|lpm_mux:Mux2|mux_3nc:auto_generated|_~15             ; |decod|lpm_mux:Mux2|mux_3nc:auto_generated|_~15             ; out0             ;
; |decod|lpm_mux:Mux2|mux_3nc:auto_generated|_~16             ; |decod|lpm_mux:Mux2|mux_3nc:auto_generated|_~16             ; out0             ;
; |decod|lpm_mux:Mux2|mux_3nc:auto_generated|_~22             ; |decod|lpm_mux:Mux2|mux_3nc:auto_generated|_~22             ; out0             ;
; |decod|lpm_mux:Mux2|mux_3nc:auto_generated|_~24             ; |decod|lpm_mux:Mux2|mux_3nc:auto_generated|_~24             ; out0             ;
; |decod|lpm_mux:Mux2|mux_3nc:auto_generated|_~26             ; |decod|lpm_mux:Mux2|mux_3nc:auto_generated|_~26             ; out0             ;
; |decod|lpm_mux:Mux2|mux_3nc:auto_generated|_~31             ; |decod|lpm_mux:Mux2|mux_3nc:auto_generated|_~31             ; out0             ;
; |decod|lpm_mux:Mux2|mux_3nc:auto_generated|_~33             ; |decod|lpm_mux:Mux2|mux_3nc:auto_generated|_~33             ; out0             ;
; |decod|lpm_mux:Mux2|mux_3nc:auto_generated|_~35             ; |decod|lpm_mux:Mux2|mux_3nc:auto_generated|_~35             ; out0             ;
; |decod|lpm_mux:Mux2|mux_3nc:auto_generated|_~41             ; |decod|lpm_mux:Mux2|mux_3nc:auto_generated|_~41             ; out0             ;
; |decod|lpm_mux:Mux2|mux_3nc:auto_generated|_~42             ; |decod|lpm_mux:Mux2|mux_3nc:auto_generated|_~42             ; out0             ;
; |decod|lpm_mux:Mux2|mux_3nc:auto_generated|result_node[0]~1 ; |decod|lpm_mux:Mux2|mux_3nc:auto_generated|result_node[0]~1 ; out0             ;
; |decod|lpm_mux:Mux1|mux_3nc:auto_generated|_~2              ; |decod|lpm_mux:Mux1|mux_3nc:auto_generated|_~2              ; out0             ;
; |decod|lpm_mux:Mux1|mux_3nc:auto_generated|_~4              ; |decod|lpm_mux:Mux1|mux_3nc:auto_generated|_~4              ; out0             ;
; |decod|lpm_mux:Mux1|mux_3nc:auto_generated|_~11             ; |decod|lpm_mux:Mux1|mux_3nc:auto_generated|_~11             ; out0             ;
; |decod|lpm_mux:Mux1|mux_3nc:auto_generated|_~13             ; |decod|lpm_mux:Mux1|mux_3nc:auto_generated|_~13             ; out0             ;
; |decod|lpm_mux:Mux1|mux_3nc:auto_generated|_~19             ; |decod|lpm_mux:Mux1|mux_3nc:auto_generated|_~19             ; out0             ;
; |decod|lpm_mux:Mux1|mux_3nc:auto_generated|_~22             ; |decod|lpm_mux:Mux1|mux_3nc:auto_generated|_~22             ; out0             ;
; |decod|lpm_mux:Mux1|mux_3nc:auto_generated|_~24             ; |decod|lpm_mux:Mux1|mux_3nc:auto_generated|_~24             ; out0             ;
; |decod|lpm_mux:Mux1|mux_3nc:auto_generated|_~26             ; |decod|lpm_mux:Mux1|mux_3nc:auto_generated|_~26             ; out0             ;
; |decod|lpm_mux:Mux1|mux_3nc:auto_generated|_~31             ; |decod|lpm_mux:Mux1|mux_3nc:auto_generated|_~31             ; out0             ;
; |decod|lpm_mux:Mux1|mux_3nc:auto_generated|_~33             ; |decod|lpm_mux:Mux1|mux_3nc:auto_generated|_~33             ; out0             ;
; |decod|lpm_mux:Mux1|mux_3nc:auto_generated|_~35             ; |decod|lpm_mux:Mux1|mux_3nc:auto_generated|_~35             ; out0             ;
; |decod|lpm_mux:Mux1|mux_3nc:auto_generated|_~41             ; |decod|lpm_mux:Mux1|mux_3nc:auto_generated|_~41             ; out0             ;
; |decod|lpm_mux:Mux1|mux_3nc:auto_generated|_~42             ; |decod|lpm_mux:Mux1|mux_3nc:auto_generated|_~42             ; out0             ;
; |decod|lpm_mux:Mux1|mux_3nc:auto_generated|result_node[0]~1 ; |decod|lpm_mux:Mux1|mux_3nc:auto_generated|result_node[0]~1 ; out0             ;
; |decod|lpm_mux:Mux0|mux_3nc:auto_generated|_~0              ; |decod|lpm_mux:Mux0|mux_3nc:auto_generated|_~0              ; out0             ;
; |decod|lpm_mux:Mux0|mux_3nc:auto_generated|_~9              ; |decod|lpm_mux:Mux0|mux_3nc:auto_generated|_~9              ; out0             ;
; |decod|lpm_mux:Mux0|mux_3nc:auto_generated|_~22             ; |decod|lpm_mux:Mux0|mux_3nc:auto_generated|_~22             ; out0             ;
; |decod|lpm_mux:Mux0|mux_3nc:auto_generated|_~24             ; |decod|lpm_mux:Mux0|mux_3nc:auto_generated|_~24             ; out0             ;
; |decod|lpm_mux:Mux0|mux_3nc:auto_generated|_~26             ; |decod|lpm_mux:Mux0|mux_3nc:auto_generated|_~26             ; out0             ;
; |decod|lpm_mux:Mux0|mux_3nc:auto_generated|_~31             ; |decod|lpm_mux:Mux0|mux_3nc:auto_generated|_~31             ; out0             ;
; |decod|lpm_mux:Mux0|mux_3nc:auto_generated|_~33             ; |decod|lpm_mux:Mux0|mux_3nc:auto_generated|_~33             ; out0             ;
; |decod|lpm_mux:Mux0|mux_3nc:auto_generated|_~35             ; |decod|lpm_mux:Mux0|mux_3nc:auto_generated|_~35             ; out0             ;
; |decod|lpm_mux:Mux0|mux_3nc:auto_generated|_~41             ; |decod|lpm_mux:Mux0|mux_3nc:auto_generated|_~41             ; out0             ;
; |decod|lpm_mux:Mux0|mux_3nc:auto_generated|_~42             ; |decod|lpm_mux:Mux0|mux_3nc:auto_generated|_~42             ; out0             ;
; |decod|lpm_mux:Mux0|mux_3nc:auto_generated|result_node[0]~1 ; |decod|lpm_mux:Mux0|mux_3nc:auto_generated|result_node[0]~1 ; out0             ;
+-------------------------------------------------------------+-------------------------------------------------------------+------------------+


+---------------------+
; Simulator INI Usage ;
+--------+------------+
; Option ; Usage      ;
+--------+------------+


+--------------------+
; Simulator Messages ;
+--------------------+
Info: *******************************************************************
Info: Running Quartus II 64-Bit Simulator
    Info: Version 13.0.1 Build 232 06/12/2013 Service Pack 1 SJ Web Edition
    Info: Processing started: Wed Nov 27 01:03:38 2024
Info: Command: quartus_sim --simulation_results_format=VWF decod -c decod
Info (324025): Using vector source file "F:/Quartus Projects/Lab 4/decod/decoder2to4 Waveform.vwf"
Info (310003): Option to preserve fewer signal transitions to reduce memory requirements is enabled
    Info (310004): Simulation has been partitioned into sub-simulations according to the maximum transition count determined by the engine. Transitions from memory will be flushed out to disk at the end of each sub-simulation to reduce memory requirements.
Info (310002): Simulation partitioned into 1 sub-simulations
Info (328053): Simulation coverage is      54.45 %
Info (328052): Number of transitions in simulation is 579
Info (324045): Vector file decod.sim.vwf is saved in VWF text format. You can compress it into CVWF format in order to reduce file size. For more details please refer to the Quartus II Help.
Info: Quartus II 64-Bit Simulator was successful. 0 errors, 0 warnings
    Info: Peak virtual memory: 4445 megabytes
    Info: Processing ended: Wed Nov 27 01:03:38 2024
    Info: Elapsed time: 00:00:00
    Info: Total CPU time (on all processors): 00:00:00


